Using pre-set license
Built from '2020.3/staging' branch; Version is '2020.3.42f1 (7ade1201f527) revision 8052242'; Using compiler version '192528614'; Build Type 'Release'
OS: 'Windows 11  (10.0.22621) 64bit Professional' Language: 'en' Physical Memory: 15741 MB
BatchMode: 1, IsHumanControllingUs: 0, StartBugReporterOnCrash: 0, Is64bit: 1, IsPro: 0

COMMAND LINE ARGUMENTS:
E:\Unity\unity\2020.3.42f1\Editor\Unity.exe
-adb2
-batchMode
-noUpm
-name
AssetImportWorker0
-projectPath
D:/my projects/Pool8Preview v0.2
-logFile
Logs/AssetImportWorker0.log
-srvPort
2413
Successfully changed project path to: D:/my projects/Pool8Preview v0.2
D:/my projects/Pool8Preview v0.2
Using Asset Import Pipeline V2.
Refreshing native plugins compatible for Editor in 36.45 ms, found 5 plugins.
Preloading 0 native plugins for Editor in 0.00 ms.
Initialize engine version: 2020.3.42f1 (7ade1201f527)
[Subsystems] Discovering subsystems at path E:/Unity/unity/2020.3.42f1/Editor/Data/Resources/UnitySubsystems
[Subsystems] Discovering subsystems at path D:/my projects/Pool8Preview v0.2/Assets
GfxDevice: creating device client; threaded=0
Direct3D:
    Version:  Direct3D 11.0 [level 11.1]
    Renderer: NVIDIA GeForce GTX 1650 (ID=0x1f99)
    Vendor:   
    VRAM:     3950 MB
    Driver:   31.0.15.2802
Initialize mono
Mono path[0] = 'E:/Unity/unity/2020.3.42f1/Editor/Data/Managed'
Mono path[1] = 'E:/Unity/unity/2020.3.42f1/Editor/Data/MonoBleedingEdge/lib/mono/unityjit'
Mono config path = 'E:/Unity/unity/2020.3.42f1/Editor/Data/MonoBleedingEdge/etc'
Using monoOptions --debugger-agent=transport=dt_socket,embedding=1,server=y,suspend=n,address=127.0.0.1:56204
Begin MonoManager ReloadAssembly
Registering precompiled unity dll's ...
Register platform support module: E:/Unity/unity/2020.3.42f1/Editor/Data/PlaybackEngines/WindowsStandaloneSupport/UnityEditor.WindowsStandalone.Extensions.dll
Registered in 0.000712 seconds.
Native extension for WindowsStandalone target not found
Refreshing native plugins compatible for Editor in 35.45 ms, found 5 plugins.
Preloading 0 native plugins for Editor in 0.00 ms.
Mono: successfully reloaded assembly
- Completed reload, in  0.533 seconds
Domain Reload Profiling:
	ReloadAssembly (533ms)
		BeginReloadAssembly (54ms)
			ExecutionOrderSort (0ms)
			DisableScriptedObjects (0ms)
			BackupInstance (0ms)
			ReleaseScriptingObjects (0ms)
			CreateAndSetChildDomain (1ms)
		EndReloadAssembly (418ms)
			LoadAssemblies (53ms)
			RebuildTransferFunctionScriptingTraits (0ms)
			SetupTypeCache (141ms)
			ReleaseScriptCaches (0ms)
			RebuildScriptCaches (28ms)
			SetupLoadedEditorAssemblies (158ms)
				LogAssemblyErrors (0ms)
				InitializePlatformSupportModulesInManaged (5ms)
				SetLoadedEditorAssemblies (0ms)
				RefreshPlugins (36ms)
				BeforeProcessingInitializeOnLoad (11ms)
				ProcessInitializeOnLoadAttributes (75ms)
				ProcessInitializeOnLoadMethodAttributes (31ms)
				AfterProcessingInitializeOnLoad (0ms)
				EditorAssembliesLoaded (0ms)
			ExecutionOrderSort2 (0ms)
			AwakeInstancesAfterBackupRestoration (0ms)
Platform modules already initialized, skipping
Registering precompiled user dll's ...
Registered in 0.002305 seconds.
Begin MonoManager ReloadAssembly
Native extension for WindowsStandalone target not found
Refreshing native plugins compatible for Editor in 0.41 ms, found 5 plugins.
Preloading 0 native plugins for Editor in 0.00 ms.
Mono: successfully reloaded assembly
- Completed reload, in  1.596 seconds
Domain Reload Profiling:
	ReloadAssembly (1596ms)
		BeginReloadAssembly (125ms)
			ExecutionOrderSort (0ms)
			DisableScriptedObjects (4ms)
			BackupInstance (0ms)
			ReleaseScriptingObjects (0ms)
			CreateAndSetChildDomain (21ms)
		EndReloadAssembly (1420ms)
			LoadAssemblies (73ms)
			RebuildTransferFunctionScriptingTraits (0ms)
			SetupTypeCache (248ms)
			ReleaseScriptCaches (0ms)
			RebuildScriptCaches (42ms)
			SetupLoadedEditorAssemblies (253ms)
				LogAssemblyErrors (0ms)
				InitializePlatformSupportModulesInManaged (3ms)
				SetLoadedEditorAssemblies (0ms)
				RefreshPlugins (0ms)
				BeforeProcessingInitializeOnLoad (71ms)
				ProcessInitializeOnLoadAttributes (164ms)
				ProcessInitializeOnLoadMethodAttributes (12ms)
				AfterProcessingInitializeOnLoad (2ms)
				EditorAssembliesLoaded (0ms)
			ExecutionOrderSort2 (0ms)
			AwakeInstancesAfterBackupRestoration (2ms)
Platform modules already initialized, skipping
========================================================================
Worker process is ready to serve import requests
Launched and connected shader compiler UnityShaderCompiler.exe after 0.05 seconds
Refreshing native plugins compatible for Editor in 0.39 ms, found 5 plugins.
Preloading 0 native plugins for Editor in 0.00 ms.
Unloading 1668 Unused Serialized files (Serialized files now loaded: 0)
System memory in use before: 74.6 MB.
System memory in use after: 74.7 MB.

Unloading 23 unused Assets to reduce memory usage. Loaded Objects now: 2101.
Total: 3.567500 ms (FindLiveObjects: 0.139300 ms CreateObjectMapping: 0.037600 ms MarkObjects: 3.313500 ms  DeleteObjects: 0.076100 ms)

AssetImportParameters requested are different than current active one (requested -> active):
  custom:framework-win-MediaFoundation: 216162199b28c13a410421893ffa2e32 -> 
  custom:video-decoder-ogg-theora: a1e56fd34408186e4bbccfd4996cb3dc -> 
  custom:container-muxer-webm: aa71ff27fc2769a1b78a27578f13a17b -> 
  custom:container-demuxer-webm: 4f35f7cbe854078d1ac9338744f61a02 -> 
  custom:container-demuxer-ogg: 62fdf1f143b41e24485cea50d1cbac27 -> 
  custom:video-encoder-webm-vp8: eb34c28f22e8b96e1ab97ce403110664 -> 
  custom:video-decoder-webm-vp8: 9c59270c3fd7afecdb556c50c9e8de78 -> 
  custom:audio-decoder-ogg-vorbis: bf7c407c2cedff20999df2af8eb42d56 -> 
  custom:audio-encoder-webm-vorbis: bf7c407c2cedff20999df2af8eb42d56 -> 
========================================================================
Received Import Request.
  path: Assets/Game/Scripts/MainBallFreeze.cs
  artifactKey: Guid(134634b641b0a0d4697ca0038e521412) Importer(815301076,1909f56bfc062723c751e8b465ee728b)
Start importing Assets/Game/Scripts/MainBallFreeze.cs using Guid(134634b641b0a0d4697ca0038e521412) Importer(815301076,1909f56bfc062723c751e8b465ee728b)  -> (artifact id: 'ed0e3324505649241d4791b1d8e01c18') in 0.041060 seconds 
========================================================================
Received Prepare
Registering precompiled user dll's ...
Registered in 0.002702 seconds.
Begin MonoManager ReloadAssembly
Native extension for WindowsStandalone target not found
Refreshing native plugins compatible for Editor in 0.43 ms, found 5 plugins.
Preloading 0 native plugins for Editor in 0.00 ms.
Mono: successfully reloaded assembly
- Completed reload, in  0.962 seconds
Domain Reload Profiling:
	ReloadAssembly (962ms)
		BeginReloadAssembly (132ms)
			ExecutionOrderSort (0ms)
			DisableScriptedObjects (4ms)
			BackupInstance (0ms)
			ReleaseScriptingObjects (0ms)
			CreateAndSetChildDomain (55ms)
		EndReloadAssembly (774ms)
			LoadAssemblies (87ms)
			RebuildTransferFunctionScriptingTraits (0ms)
			SetupTypeCache (268ms)
			ReleaseScriptCaches (1ms)
			RebuildScriptCaches (44ms)
			SetupLoadedEditorAssemblies (299ms)
				LogAssemblyErrors (0ms)
				InitializePlatformSupportModulesInManaged (4ms)
				SetLoadedEditorAssemblies (0ms)
				RefreshPlugins (1ms)
				BeforeProcessingInitializeOnLoad (69ms)
				ProcessInitializeOnLoadAttributes (206ms)
				ProcessInitializeOnLoadMethodAttributes (18ms)
				AfterProcessingInitializeOnLoad (2ms)
				EditorAssembliesLoaded (0ms)
			ExecutionOrderSort2 (0ms)
			AwakeInstancesAfterBackupRestoration (2ms)
Platform modules already initialized, skipping
Switching build target platform(19) subTarget(0) extendedPlatform(0) -> platform(13) subTarget(537395200) extendedPlatform(0)
Refreshing native plugins compatible for Editor in 0.46 ms, found 5 plugins.
Preloading 0 native plugins for Editor in 0.00 ms.
Unloading 1661 Unused Serialized files (Serialized files now loaded: 0)
System memory in use before: 74.0 MB.
System memory in use after: 74.1 MB.

Unloading 18 unused Assets to reduce memory usage. Loaded Objects now: 2105.
Total: 3.431000 ms (FindLiveObjects: 0.185500 ms CreateObjectMapping: 0.073600 ms MarkObjects: 3.147000 ms  DeleteObjects: 0.023400 ms)

AssetImportParameters requested are different than current active one (requested -> active):
  custom:framework-win-MediaFoundation: 216162199b28c13a410421893ffa2e32 -> 
  custom:video-decoder-ogg-theora: a1e56fd34408186e4bbccfd4996cb3dc -> 
  custom:container-muxer-webm: aa71ff27fc2769a1b78a27578f13a17b -> 
  custom:container-demuxer-webm: 4f35f7cbe854078d1ac9338744f61a02 -> 
  custom:container-demuxer-ogg: 62fdf1f143b41e24485cea50d1cbac27 -> 
  custom:video-encoder-webm-vp8: eb34c28f22e8b96e1ab97ce403110664 -> 
  custom:video-decoder-webm-vp8: 9c59270c3fd7afecdb556c50c9e8de78 -> 
  custom:graphics/normal-map-encoding: 01000000000000000000000000000000 -> 02000000000000000000000000000000
  custom:audio-decoder-ogg-vorbis: bf7c407c2cedff20999df2af8eb42d56 -> 
  custom:audio-encoder-webm-vorbis: bf7c407c2cedff20999df2af8eb42d56 -> 
========================================================================
Received Import Request.
  Time since last request: 299.045708 seconds.
  path: Assets/Game/Scripts/NewBehaviourScript.cs
  artifactKey: Guid(ea7cac658bda67d4b972ea31b6877235) Importer(815301076,1909f56bfc062723c751e8b465ee728b)
Start importing Assets/Game/Scripts/NewBehaviourScript.cs using Guid(ea7cac658bda67d4b972ea31b6877235) Importer(815301076,1909f56bfc062723c751e8b465ee728b)  -> (artifact id: '35d3055ae5235c0d5dd2fe53f5ac3f90') in 0.007618 seconds 
========================================================================
Received Import Request.
  Time since last request: 28.527323 seconds.
  path: Assets/Game/Scripts/hittinghole.cs
  artifactKey: Guid(ea7cac658bda67d4b972ea31b6877235) Importer(815301076,1909f56bfc062723c751e8b465ee728b)
Start importing Assets/Game/Scripts/hittinghole.cs using Guid(ea7cac658bda67d4b972ea31b6877235) Importer(815301076,1909f56bfc062723c751e8b465ee728b)  -> (artifact id: 'c031cc3bf20fa27ca72974e1a87f27e3') in 0.005319 seconds 
========================================================================
Received Prepare
Registering precompiled user dll's ...
Registered in 0.001671 seconds.
Begin MonoManager ReloadAssembly
Native extension for WindowsStandalone target not found
Refreshing native plugins compatible for Editor in 0.42 ms, found 5 plugins.
Preloading 0 native plugins for Editor in 0.00 ms.
Mono: successfully reloaded assembly
- Completed reload, in  0.813 seconds
Domain Reload Profiling:
	ReloadAssembly (813ms)
		BeginReloadAssembly (89ms)
			ExecutionOrderSort (0ms)
			DisableScriptedObjects (4ms)
			BackupInstance (0ms)
			ReleaseScriptingObjects (0ms)
			CreateAndSetChildDomain (28ms)
		EndReloadAssembly (668ms)
			LoadAssemblies (71ms)
			RebuildTransferFunctionScriptingTraits (0ms)
			SetupTypeCache (246ms)
			ReleaseScriptCaches (1ms)
			RebuildScriptCaches (40ms)
			SetupLoadedEditorAssemblies (234ms)
				LogAssemblyErrors (0ms)
				InitializePlatformSupportModulesInManaged (4ms)
				SetLoadedEditorAssemblies (0ms)
				RefreshPlugins (0ms)
				BeforeProcessingInitializeOnLoad (71ms)
				ProcessInitializeOnLoadAttributes (145ms)
				ProcessInitializeOnLoadMethodAttributes (11ms)
				AfterProcessingInitializeOnLoad (1ms)
				EditorAssembliesLoaded (0ms)
			ExecutionOrderSort2 (0ms)
			AwakeInstancesAfterBackupRestoration (2ms)
Platform modules already initialized, skipping
Switching build target platform(19) subTarget(0) extendedPlatform(0) -> platform(13) subTarget(537395200) extendedPlatform(0)
Refreshing native plugins compatible for Editor in 0.40 ms, found 5 plugins.
Preloading 0 native plugins for Editor in 0.00 ms.
Unloading 1661 Unused Serialized files (Serialized files now loaded: 0)
System memory in use before: 74.0 MB.
System memory in use after: 74.1 MB.

Unloading 18 unused Assets to reduce memory usage. Loaded Objects now: 2108.
Total: 3.608500 ms (FindLiveObjects: 0.207100 ms CreateObjectMapping: 0.075600 ms MarkObjects: 3.299700 ms  DeleteObjects: 0.024200 ms)

AssetImportParameters requested are different than current active one (requested -> active):
  custom:framework-win-MediaFoundation: 216162199b28c13a410421893ffa2e32 -> 
  custom:video-decoder-ogg-theora: a1e56fd34408186e4bbccfd4996cb3dc -> 
  custom:container-muxer-webm: aa71ff27fc2769a1b78a27578f13a17b -> 
  custom:container-demuxer-webm: 4f35f7cbe854078d1ac9338744f61a02 -> 
  custom:container-demuxer-ogg: 62fdf1f143b41e24485cea50d1cbac27 -> 
  custom:video-encoder-webm-vp8: eb34c28f22e8b96e1ab97ce403110664 -> 
  custom:video-decoder-webm-vp8: 9c59270c3fd7afecdb556c50c9e8de78 -> 
  custom:graphics/normal-map-encoding: 01000000000000000000000000000000 -> 02000000000000000000000000000000
  custom:audio-decoder-ogg-vorbis: bf7c407c2cedff20999df2af8eb42d56 -> 
  custom:audio-encoder-webm-vorbis: bf7c407c2cedff20999df2af8eb42d56 -> 
========================================================================
Received Import Request.
  Time since last request: 23.582212 seconds.
  path: Assets/Game/Scripts/HittingHole.cs
  artifactKey: Guid(ea7cac658bda67d4b972ea31b6877235) Importer(815301076,1909f56bfc062723c751e8b465ee728b)
Start importing Assets/Game/Scripts/HittingHole.cs using Guid(ea7cac658bda67d4b972ea31b6877235) Importer(815301076,1909f56bfc062723c751e8b465ee728b)  -> (artifact id: '1020e9d3659ee2385179afde01243c8b') in 0.008167 seconds 
========================================================================
Received Prepare
Registering precompiled user dll's ...
Registered in 0.001743 seconds.
Begin MonoManager ReloadAssembly
Native extension for WindowsStandalone target not found
Refreshing native plugins compatible for Editor in 0.49 ms, found 5 plugins.
Preloading 0 native plugins for Editor in 0.00 ms.
Mono: successfully reloaded assembly
- Completed reload, in  1.179 seconds
Domain Reload Profiling:
	ReloadAssembly (1179ms)
		BeginReloadAssembly (95ms)
			ExecutionOrderSort (0ms)
			DisableScriptedObjects (5ms)
			BackupInstance (0ms)
			ReleaseScriptingObjects (0ms)
			CreateAndSetChildDomain (30ms)
		EndReloadAssembly (1036ms)
			LoadAssemblies (67ms)
			RebuildTransferFunctionScriptingTraits (0ms)
			SetupTypeCache (252ms)
			ReleaseScriptCaches (2ms)
			RebuildScriptCaches (46ms)
			SetupLoadedEditorAssemblies (563ms)
				LogAssemblyErrors (0ms)
				InitializePlatformSupportModulesInManaged (4ms)
				SetLoadedEditorAssemblies (0ms)
				RefreshPlugins (1ms)
				BeforeProcessingInitializeOnLoad (203ms)
				ProcessInitializeOnLoadAttributes (335ms)
				ProcessInitializeOnLoadMethodAttributes (19ms)
				AfterProcessingInitializeOnLoad (2ms)
				EditorAssembliesLoaded (0ms)
			ExecutionOrderSort2 (0ms)
			AwakeInstancesAfterBackupRestoration (3ms)
Platform modules already initialized, skipping
Switching build target platform(19) subTarget(0) extendedPlatform(0) -> platform(13) subTarget(537395200) extendedPlatform(0)
Refreshing native plugins compatible for Editor in 1.27 ms, found 5 plugins.
Preloading 0 native plugins for Editor in 0.00 ms.
Unloading 1661 Unused Serialized files (Serialized files now loaded: 0)
System memory in use before: 74.0 MB.
System memory in use after: 74.1 MB.

Unloading 18 unused Assets to reduce memory usage. Loaded Objects now: 2111.
Total: 3.369000 ms (FindLiveObjects: 0.211800 ms CreateObjectMapping: 0.047500 ms MarkObjects: 3.082000 ms  DeleteObjects: 0.025800 ms)

AssetImportParameters requested are different than current active one (requested -> active):
  custom:framework-win-MediaFoundation: 216162199b28c13a410421893ffa2e32 -> 
  custom:video-decoder-ogg-theora: a1e56fd34408186e4bbccfd4996cb3dc -> 
  custom:container-muxer-webm: aa71ff27fc2769a1b78a27578f13a17b -> 
  custom:container-demuxer-webm: 4f35f7cbe854078d1ac9338744f61a02 -> 
  custom:container-demuxer-ogg: 62fdf1f143b41e24485cea50d1cbac27 -> 
  custom:video-encoder-webm-vp8: eb34c28f22e8b96e1ab97ce403110664 -> 
  custom:video-decoder-webm-vp8: 9c59270c3fd7afecdb556c50c9e8de78 -> 
  custom:graphics/normal-map-encoding: 01000000000000000000000000000000 -> 02000000000000000000000000000000
  custom:audio-decoder-ogg-vorbis: bf7c407c2cedff20999df2af8eb42d56 -> 
  custom:audio-encoder-webm-vorbis: bf7c407c2cedff20999df2af8eb42d56 -> 
========================================================================
Received Prepare
Registering precompiled user dll's ...
Registered in 0.001751 seconds.
Begin MonoManager ReloadAssembly
Native extension for WindowsStandalone target not found
Refreshing native plugins compatible for Editor in 0.43 ms, found 5 plugins.
Preloading 0 native plugins for Editor in 0.00 ms.
Mono: successfully reloaded assembly
- Completed reload, in  0.861 seconds
Domain Reload Profiling:
	ReloadAssembly (861ms)
		BeginReloadAssembly (96ms)
			ExecutionOrderSort (0ms)
			DisableScriptedObjects (5ms)
			BackupInstance (0ms)
			ReleaseScriptingObjects (0ms)
			CreateAndSetChildDomain (30ms)
		EndReloadAssembly (714ms)
			LoadAssemblies (74ms)
			RebuildTransferFunctionScriptingTraits (0ms)
			SetupTypeCache (246ms)
			ReleaseScriptCaches (1ms)
			RebuildScriptCaches (44ms)
			SetupLoadedEditorAssemblies (262ms)
				LogAssemblyErrors (0ms)
				InitializePlatformSupportModulesInManaged (3ms)
				SetLoadedEditorAssemblies (0ms)
				RefreshPlugins (0ms)
				BeforeProcessingInitializeOnLoad (78ms)
				ProcessInitializeOnLoadAttributes (165ms)
				ProcessInitializeOnLoadMethodAttributes (13ms)
				AfterProcessingInitializeOnLoad (2ms)
				EditorAssembliesLoaded (0ms)
			ExecutionOrderSort2 (0ms)
			AwakeInstancesAfterBackupRestoration (2ms)
Platform modules already initialized, skipping
Switching build target platform(19) subTarget(0) extendedPlatform(0) -> platform(13) subTarget(537395200) extendedPlatform(0)
Refreshing native plugins compatible for Editor in 0.59 ms, found 5 plugins.
Preloading 0 native plugins for Editor in 0.00 ms.
Unloading 1661 Unused Serialized files (Serialized files now loaded: 0)
System memory in use before: 74.1 MB.
System memory in use after: 74.2 MB.

Unloading 18 unused Assets to reduce memory usage. Loaded Objects now: 2114.
Total: 2.867200 ms (FindLiveObjects: 0.197800 ms CreateObjectMapping: 0.188100 ms MarkObjects: 2.454600 ms  DeleteObjects: 0.025100 ms)

AssetImportParameters requested are different than current active one (requested -> active):
  custom:framework-win-MediaFoundation: 216162199b28c13a410421893ffa2e32 -> 
  custom:video-decoder-ogg-theora: a1e56fd34408186e4bbccfd4996cb3dc -> 
  custom:container-muxer-webm: aa71ff27fc2769a1b78a27578f13a17b -> 
  custom:container-demuxer-webm: 4f35f7cbe854078d1ac9338744f61a02 -> 
  custom:container-demuxer-ogg: 62fdf1f143b41e24485cea50d1cbac27 -> 
  custom:video-encoder-webm-vp8: eb34c28f22e8b96e1ab97ce403110664 -> 
  custom:video-decoder-webm-vp8: 9c59270c3fd7afecdb556c50c9e8de78 -> 
  custom:graphics/normal-map-encoding: 01000000000000000000000000000000 -> 02000000000000000000000000000000
  custom:audio-decoder-ogg-vorbis: bf7c407c2cedff20999df2af8eb42d56 -> 
  custom:audio-encoder-webm-vorbis: bf7c407c2cedff20999df2af8eb42d56 -> 
========================================================================
Received Prepare
Registering precompiled user dll's ...
Registered in 0.001785 seconds.
Begin MonoManager ReloadAssembly
Native extension for WindowsStandalone target not found
Refreshing native plugins compatible for Editor in 0.42 ms, found 5 plugins.
Preloading 0 native plugins for Editor in 0.00 ms.
Mono: successfully reloaded assembly
- Completed reload, in  0.815 seconds
Domain Reload Profiling:
	ReloadAssembly (815ms)
		BeginReloadAssembly (85ms)
			ExecutionOrderSort (0ms)
			DisableScriptedObjects (3ms)
			BackupInstance (0ms)
			ReleaseScriptingObjects (0ms)
			CreateAndSetChildDomain (27ms)
		EndReloadAssembly (676ms)
			LoadAssemblies (75ms)
			RebuildTransferFunctionScriptingTraits (0ms)
			SetupTypeCache (246ms)
			ReleaseScriptCaches (1ms)
			RebuildScriptCaches (40ms)
			SetupLoadedEditorAssemblies (231ms)
				LogAssemblyErrors (0ms)
				InitializePlatformSupportModulesInManaged (3ms)
				SetLoadedEditorAssemblies (0ms)
				RefreshPlugins (0ms)
				BeforeProcessingInitializeOnLoad (68ms)
				ProcessInitializeOnLoadAttributes (146ms)
				ProcessInitializeOnLoadMethodAttributes (11ms)
				AfterProcessingInitializeOnLoad (1ms)
				EditorAssembliesLoaded (0ms)
			ExecutionOrderSort2 (0ms)
			AwakeInstancesAfterBackupRestoration (2ms)
Platform modules already initialized, skipping
Switching build target platform(19) subTarget(0) extendedPlatform(0) -> platform(13) subTarget(537395200) extendedPlatform(0)
Refreshing native plugins compatible for Editor in 0.44 ms, found 5 plugins.
Preloading 0 native plugins for Editor in 0.00 ms.
Unloading 1661 Unused Serialized files (Serialized files now loaded: 0)
System memory in use before: 74.1 MB.
System memory in use after: 74.2 MB.

Unloading 18 unused Assets to reduce memory usage. Loaded Objects now: 2117.
Total: 3.221500 ms (FindLiveObjects: 0.188600 ms CreateObjectMapping: 0.074000 ms MarkObjects: 2.932000 ms  DeleteObjects: 0.025400 ms)

AssetImportParameters requested are different than current active one (requested -> active):
  custom:framework-win-MediaFoundation: 216162199b28c13a410421893ffa2e32 -> 
  custom:video-decoder-ogg-theora: a1e56fd34408186e4bbccfd4996cb3dc -> 
  custom:container-muxer-webm: aa71ff27fc2769a1b78a27578f13a17b -> 
  custom:container-demuxer-webm: 4f35f7cbe854078d1ac9338744f61a02 -> 
  custom:container-demuxer-ogg: 62fdf1f143b41e24485cea50d1cbac27 -> 
  custom:video-encoder-webm-vp8: eb34c28f22e8b96e1ab97ce403110664 -> 
  custom:video-decoder-webm-vp8: 9c59270c3fd7afecdb556c50c9e8de78 -> 
  custom:graphics/normal-map-encoding: 01000000000000000000000000000000 -> 02000000000000000000000000000000
  custom:audio-decoder-ogg-vorbis: bf7c407c2cedff20999df2af8eb42d56 -> 
  custom:audio-encoder-webm-vorbis: bf7c407c2cedff20999df2af8eb42d56 -> 
========================================================================
Received Prepare
Registering precompiled user dll's ...
Registered in 0.001726 seconds.
Begin MonoManager ReloadAssembly
Native extension for WindowsStandalone target not found
Refreshing native plugins compatible for Editor in 0.41 ms, found 5 plugins.
Preloading 0 native plugins for Editor in 0.00 ms.
Mono: successfully reloaded assembly
- Completed reload, in  0.823 seconds
Domain Reload Profiling:
	ReloadAssembly (823ms)
		BeginReloadAssembly (97ms)
			ExecutionOrderSort (0ms)
			DisableScriptedObjects (4ms)
			BackupInstance (0ms)
			ReleaseScriptingObjects (0ms)
			CreateAndSetChildDomain (30ms)
		EndReloadAssembly (676ms)
			LoadAssemblies (75ms)
			RebuildTransferFunctionScriptingTraits (0ms)
			SetupTypeCache (235ms)
			ReleaseScriptCaches (1ms)
			RebuildScriptCaches (40ms)
			SetupLoadedEditorAssemblies (246ms)
				LogAssemblyErrors (0ms)
				InitializePlatformSupportModulesInManaged (4ms)
				SetLoadedEditorAssemblies (1ms)
				RefreshPlugins (0ms)
				BeforeProcessingInitializeOnLoad (71ms)
				ProcessInitializeOnLoadAttributes (155ms)
				ProcessInitializeOnLoadMethodAttributes (13ms)
				AfterProcessingInitializeOnLoad (1ms)
				EditorAssembliesLoaded (0ms)
			ExecutionOrderSort2 (0ms)
			AwakeInstancesAfterBackupRestoration (2ms)
Platform modules already initialized, skipping
Switching build target platform(19) subTarget(0) extendedPlatform(0) -> platform(13) subTarget(537395200) extendedPlatform(0)
Refreshing native plugins compatible for Editor in 0.40 ms, found 5 plugins.
Preloading 0 native plugins for Editor in 0.00 ms.
Unloading 1661 Unused Serialized files (Serialized files now loaded: 0)
System memory in use before: 74.1 MB.
System memory in use after: 74.2 MB.

Unloading 18 unused Assets to reduce memory usage. Loaded Objects now: 2120.
Total: 2.658500 ms (FindLiveObjects: 0.149000 ms CreateObjectMapping: 0.037500 ms MarkObjects: 2.442600 ms  DeleteObjects: 0.028100 ms)

AssetImportParameters requested are different than current active one (requested -> active):
  custom:framework-win-MediaFoundation: 216162199b28c13a410421893ffa2e32 -> 
  custom:video-decoder-ogg-theora: a1e56fd34408186e4bbccfd4996cb3dc -> 
  custom:container-muxer-webm: aa71ff27fc2769a1b78a27578f13a17b -> 
  custom:container-demuxer-webm: 4f35f7cbe854078d1ac9338744f61a02 -> 
  custom:container-demuxer-ogg: 62fdf1f143b41e24485cea50d1cbac27 -> 
  custom:video-encoder-webm-vp8: eb34c28f22e8b96e1ab97ce403110664 -> 
  custom:video-decoder-webm-vp8: 9c59270c3fd7afecdb556c50c9e8de78 -> 
  custom:graphics/normal-map-encoding: 01000000000000000000000000000000 -> 02000000000000000000000000000000
  custom:audio-decoder-ogg-vorbis: bf7c407c2cedff20999df2af8eb42d56 -> 
  custom:audio-encoder-webm-vorbis: bf7c407c2cedff20999df2af8eb42d56 -> 
========================================================================
Received Import Request.
  Time since last request: 605.223065 seconds.
  path: Assets/Game/Sprites/bg slize.png
  artifactKey: Guid(65ec2fec29ccb6e479c6038e390f3cb5) Importer(815301076,1909f56bfc062723c751e8b465ee728b)
Start importing Assets/Game/Sprites/bg slize.png using Guid(65ec2fec29ccb6e479c6038e390f3cb5) Importer(815301076,1909f56bfc062723c751e8b465ee728b)  -> (artifact id: 'a6911b703a0d20997806b3d87b5d05ad') in 0.078000 seconds 
========================================================================
Received Import Request.
  Time since last request: 19.312665 seconds.
  path: Assets/Game/Sprites/bg slize.png
  artifactKey: Guid(65ec2fec29ccb6e479c6038e390f3cb5) Importer(815301076,1909f56bfc062723c751e8b465ee728b)
Start importing Assets/Game/Sprites/bg slize.png using Guid(65ec2fec29ccb6e479c6038e390f3cb5) Importer(815301076,1909f56bfc062723c751e8b465ee728b)  -> (artifact id: 'ba1fef0fc891ce43d9e363843705ce2e') in 0.129879 seconds 
========================================================================
Received Import Request.
  Time since last request: 35.859791 seconds.
  path: Assets/Game/Sprites/bg slize1.png
  artifactKey: Guid(56c82ddf95833e644a99abf2c94bbce0) Importer(815301076,1909f56bfc062723c751e8b465ee728b)
Start importing Assets/Game/Sprites/bg slize1.png using Guid(56c82ddf95833e644a99abf2c94bbce0) Importer(815301076,1909f56bfc062723c751e8b465ee728b)  -> (artifact id: 'eeac893585f7eba7fcbf197380e562d2') in 0.040909 seconds 
========================================================================
Received Import Request.
  Time since last request: 16.902051 seconds.
  path: Assets/Game/Sprites/bg slize1.png
  artifactKey: Guid(56c82ddf95833e644a99abf2c94bbce0) Importer(815301076,1909f56bfc062723c751e8b465ee728b)
Start importing Assets/Game/Sprites/bg slize1.png using Guid(56c82ddf95833e644a99abf2c94bbce0) Importer(815301076,1909f56bfc062723c751e8b465ee728b)  -> (artifact id: '718b20741f424311c5764532f2ec0cba') in 0.032282 seconds 
========================================================================
Received Prepare
Registering precompiled user dll's ...
Registered in 0.001717 seconds.
Begin MonoManager ReloadAssembly
Native extension for WindowsStandalone target not found
Refreshing native plugins compatible for Editor in 0.41 ms, found 5 plugins.
Preloading 0 native plugins for Editor in 0.00 ms.
Mono: successfully reloaded assembly
- Completed reload, in  0.805 seconds
Domain Reload Profiling:
	ReloadAssembly (806ms)
		BeginReloadAssembly (88ms)
			ExecutionOrderSort (0ms)
			DisableScriptedObjects (3ms)
			BackupInstance (0ms)
			ReleaseScriptingObjects (0ms)
			CreateAndSetChildDomain (29ms)
		EndReloadAssembly (654ms)
			LoadAssemblies (69ms)
			RebuildTransferFunctionScriptingTraits (0ms)
			SetupTypeCache (230ms)
			ReleaseScriptCaches (1ms)
			RebuildScriptCaches (40ms)
			SetupLoadedEditorAssemblies (233ms)
				LogAssemblyErrors (0ms)
				InitializePlatformSupportModulesInManaged (3ms)
				SetLoadedEditorAssemblies (0ms)
				RefreshPlugins (0ms)
				BeforeProcessingInitializeOnLoad (69ms)
				ProcessInitializeOnLoadAttributes (146ms)
				ProcessInitializeOnLoadMethodAttributes (12ms)
				AfterProcessingInitializeOnLoad (1ms)
				EditorAssembliesLoaded (0ms)
			ExecutionOrderSort2 (0ms)
			AwakeInstancesAfterBackupRestoration (2ms)
Platform modules already initialized, skipping
Switching build target platform(19) subTarget(0) extendedPlatform(0) -> platform(13) subTarget(537395200) extendedPlatform(0)
Refreshing native plugins compatible for Editor in 0.40 ms, found 5 plugins.
Preloading 0 native plugins for Editor in 0.00 ms.
Unloading 1661 Unused Serialized files (Serialized files now loaded: 0)
System memory in use before: 77.2 MB.
System memory in use after: 77.3 MB.

Unloading 18 unused Assets to reduce memory usage. Loaded Objects now: 2131.
Total: 4.644400 ms (FindLiveObjects: 0.189200 ms CreateObjectMapping: 0.074200 ms MarkObjects: 4.353600 ms  DeleteObjects: 0.025300 ms)

AssetImportParameters requested are different than current active one (requested -> active):
  custom:framework-win-MediaFoundation: 216162199b28c13a410421893ffa2e32 -> 
  custom:video-decoder-ogg-theora: a1e56fd34408186e4bbccfd4996cb3dc -> 
  custom:container-muxer-webm: aa71ff27fc2769a1b78a27578f13a17b -> 
  custom:container-demuxer-webm: 4f35f7cbe854078d1ac9338744f61a02 -> 
  custom:container-demuxer-ogg: 62fdf1f143b41e24485cea50d1cbac27 -> 
  custom:video-encoder-webm-vp8: eb34c28f22e8b96e1ab97ce403110664 -> 
  custom:video-decoder-webm-vp8: 9c59270c3fd7afecdb556c50c9e8de78 -> 
  custom:graphics/normal-map-encoding: 01000000000000000000000000000000 -> 02000000000000000000000000000000
  custom:audio-decoder-ogg-vorbis: bf7c407c2cedff20999df2af8eb42d56 -> 
  custom:audio-encoder-webm-vorbis: bf7c407c2cedff20999df2af8eb42d56 -> 
========================================================================
Received Import Request.
  Time since last request: 156.772200 seconds.
  path: Assets/Game/Scripts/MainBallFreeze.cs
  artifactKey: Guid(134634b641b0a0d4697ca0038e521412) Importer(815301076,1909f56bfc062723c751e8b465ee728b)
Start importing Assets/Game/Scripts/MainBallFreeze.cs using Guid(134634b641b0a0d4697ca0038e521412) Importer(815301076,1909f56bfc062723c751e8b465ee728b)  -> (artifact id: '564574c929b652c2c5541fa6eb90b913') in 0.007902 seconds 
========================================================================
Received Import Request.
  Time since last request: 13.239372 seconds.
  path: Assets/Game/Sprites/PC Computer - 8 Ball Pool - Ball_crв.png
  artifactKey: Guid(ce81aa96a1262664c9065a4e487bd3ba) Importer(815301076,1909f56bfc062723c751e8b465ee728b)
Start importing Assets/Game/Sprites/PC Computer - 8 Ball Pool - Ball_crв.png using Guid(ce81aa96a1262664c9065a4e487bd3ba) Importer(815301076,1909f56bfc062723c751e8b465ee728b)  -> (artifact id: 'e9b1df39c01248f2fd67a3c99b84679d') in 0.162114 seconds 
========================================================================
Received Import Request.
  Time since last request: 0.862452 seconds.
  path: Assets/Game/Sprites/PC Computer - 8 Ball Pool - Ball_crвы.png
  artifactKey: Guid(8595f0d9737b07d4cb9344b808ab06ec) Importer(815301076,1909f56bfc062723c751e8b465ee728b)
Start importing Assets/Game/Sprites/PC Computer - 8 Ball Pool - Ball_crвы.png using Guid(8595f0d9737b07d4cb9344b808ab06ec) Importer(815301076,1909f56bfc062723c751e8b465ee728b)  -> (artifact id: '42a5489290199db4901692aa5c1495f8') in 0.011425 seconds 
========================================================================
Received Import Request.
  Time since last request: 1.241298 seconds.
  path: Assets/Game/Sprites/PC Computer - 8 Ball Pool - Ball_crвыф.png
  artifactKey: Guid(c61d0718a7e99db49a5bf1a1ab7a63cd) Importer(815301076,1909f56bfc062723c751e8b465ee728b)
Start importing Assets/Game/Sprites/PC Computer - 8 Ball Pool - Ball_crвыф.png using Guid(c61d0718a7e99db49a5bf1a1ab7a63cd) Importer(815301076,1909f56bfc062723c751e8b465ee728b)  -> (artifact id: '2cf1602636e590532c1e97610aaaad8e') in 0.020433 seconds 
========================================================================
Received Import Request.
  Time since last request: 22.867652 seconds.
  path: Assets/Game/Sprites/8 Ball Blue.png
  artifactKey: Guid(ce81aa96a1262664c9065a4e487bd3ba) Importer(815301076,1909f56bfc062723c751e8b465ee728b)
Start importing Assets/Game/Sprites/8 Ball Blue.png using Guid(ce81aa96a1262664c9065a4e487bd3ba) Importer(815301076,1909f56bfc062723c751e8b465ee728b)  -> (artifact id: '7568492f9631493b1d2d1758733d2a80') in 0.012951 seconds 
========================================================================
Received Import Request.
  Time since last request: 25.399325 seconds.
  path: Assets/Game/Sprites/8 Ball Green.png
  artifactKey: Guid(8595f0d9737b07d4cb9344b808ab06ec) Importer(815301076,1909f56bfc062723c751e8b465ee728b)
Start importing Assets/Game/Sprites/8 Ball Green.png using Guid(8595f0d9737b07d4cb9344b808ab06ec) Importer(815301076,1909f56bfc062723c751e8b465ee728b)  -> (artifact id: '6cabb71a511a1e56f554b1bb4dcfdde1') in 0.018736 seconds 
========================================================================
Received Import Request.
  Time since last request: 0.577551 seconds.
  path: Assets/Game/Sprites/Materials
  artifactKey: Guid(93ead6ca16dc524449a63ac595256144) Importer(815301076,1909f56bfc062723c751e8b465ee728b)
Start importing Assets/Game/Sprites/Materials using Guid(93ead6ca16dc524449a63ac595256144) Importer(815301076,1909f56bfc062723c751e8b465ee728b)  -> (artifact id: '92c443afb10a9c4deede8286a1ce1bc1') in 0.005684 seconds 
========================================================================
Received Import Request.
  Time since last request: 16.911140 seconds.
  path: Assets/Game/Sprites/8 Blue Ball.png
  artifactKey: Guid(ce81aa96a1262664c9065a4e487bd3ba) Importer(815301076,1909f56bfc062723c751e8b465ee728b)
Start importing Assets/Game/Sprites/8 Blue Ball.png using Guid(ce81aa96a1262664c9065a4e487bd3ba) Importer(815301076,1909f56bfc062723c751e8b465ee728b)  -> (artifact id: '16dd58d8998e18cd84f244b18901f779') in 0.014855 seconds 
========================================================================
Received Import Request.
  Time since last request: 15.339677 seconds.
  path: Assets/Game/Sprites/8 Green Ball.png
  artifactKey: Guid(8595f0d9737b07d4cb9344b808ab06ec) Importer(815301076,1909f56bfc062723c751e8b465ee728b)
Start importing Assets/Game/Sprites/8 Green Ball.png using Guid(8595f0d9737b07d4cb9344b808ab06ec) Importer(815301076,1909f56bfc062723c751e8b465ee728b)  -> (artifact id: '32cd72cba37cbec3b3afc4c744f19a08') in 0.017232 seconds 
========================================================================
Received Import Request.
  Time since last request: 16.067216 seconds.
  path: Assets/Game/Sprites/Red Ball.png
  artifactKey: Guid(c61d0718a7e99db49a5bf1a1ab7a63cd) Importer(815301076,1909f56bfc062723c751e8b465ee728b)
Start importing Assets/Game/Sprites/Red Ball.png using Guid(c61d0718a7e99db49a5bf1a1ab7a63cd) Importer(815301076,1909f56bfc062723c751e8b465ee728b)  -> (artifact id: '34574ad650b541c04b49bf05e67ff4cc') in 0.018521 seconds 
========================================================================
Received Import Request.
  Time since last request: 14.171684 seconds.
  path: Assets/Game/Sprites/Yellow Ball.png
  artifactKey: Guid(81c494993958bca40b853663e354992b) Importer(815301076,1909f56bfc062723c751e8b465ee728b)
Start importing Assets/Game/Sprites/Yellow Ball.png using Guid(81c494993958bca40b853663e354992b) Importer(815301076,1909f56bfc062723c751e8b465ee728b)  -> (artifact id: 'bde463267c32f0609ba1328e7130f2d8') in 0.019616 seconds 
========================================================================
Received Import Request.
  Time since last request: 0.774868 seconds.
  path: Assets/Game/Sprites/PC Computer - 8 Ball Pool - Ball_crвыц.png
  artifactKey: Guid(4cd97fcabd28a254a83117e265889a63) Importer(815301076,1909f56bfc062723c751e8b465ee728b)
Start importing Assets/Game/Sprites/PC Computer - 8 Ball Pool - Ball_crвыц.png using Guid(4cd97fcabd28a254a83117e265889a63) Importer(815301076,1909f56bfc062723c751e8b465ee728b)  -> (artifact id: 'd501661d6076c15c2d2bf3157ccaa913') in 0.010023 seconds 
========================================================================
Received Import Request.
  Time since last request: 9.259520 seconds.
  path: Assets/Game/Sprites/Purple Ball.png
  artifactKey: Guid(4cd97fcabd28a254a83117e265889a63) Importer(815301076,1909f56bfc062723c751e8b465ee728b)
Start importing Assets/Game/Sprites/Purple Ball.png using Guid(4cd97fcabd28a254a83117e265889a63) Importer(815301076,1909f56bfc062723c751e8b465ee728b)  -> (artifact id: '9c9164d68092f52366d1897c745563cd') in 0.016840 seconds 
========================================================================
Received Import Request.
  Time since last request: 4.945150 seconds.
  path: Assets/Game/Sprites/Green Ball.png
  artifactKey: Guid(8595f0d9737b07d4cb9344b808ab06ec) Importer(815301076,1909f56bfc062723c751e8b465ee728b)
Start importing Assets/Game/Sprites/Green Ball.png using Guid(8595f0d9737b07d4cb9344b808ab06ec) Importer(815301076,1909f56bfc062723c751e8b465ee728b)  -> (artifact id: '652023412cbb592d6dbba3bf1a6470f5') in 0.019946 seconds 
========================================================================
Received Import Request.
  Time since last request: 4.093508 seconds.
  path: Assets/Game/Sprites/Blue Ball.png
  artifactKey: Guid(ce81aa96a1262664c9065a4e487bd3ba) Importer(815301076,1909f56bfc062723c751e8b465ee728b)
Start importing Assets/Game/Sprites/Blue Ball.png using Guid(ce81aa96a1262664c9065a4e487bd3ba) Importer(815301076,1909f56bfc062723c751e8b465ee728b)  -> (artifact id: '0e8f0d30a35f192459e70fbfc698b997') in 0.016300 seconds 
========================================================================
Received Import Request.
  Time since last request: 124.215888 seconds.
  path: Assets/Game/Textures/yellow.jpg
  artifactKey: Guid(faf0a0fe698a9f34c8489f5c7c3a1c57) Importer(815301076,1909f56bfc062723c751e8b465ee728b)
Start importing Assets/Game/Textures/yellow.jpg using Guid(faf0a0fe698a9f34c8489f5c7c3a1c57) Importer(815301076,1909f56bfc062723c751e8b465ee728b)  -> (artifact id: '78ce999d3078d8d282c13c541826e654') in 0.012358 seconds 
========================================================================
Received Import Request.
  Time since last request: 0.863726 seconds.
  path: Assets/Game/Textures/blue.jpg
  artifactKey: Guid(8767c6343790ee940ba90316afa3a2c6) Importer(815301076,1909f56bfc062723c751e8b465ee728b)
Start importing Assets/Game/Textures/blue.jpg using Guid(8767c6343790ee940ba90316afa3a2c6) Importer(815301076,1909f56bfc062723c751e8b465ee728b)  -> (artifact id: '36943ffeca04c0abaa4ecdc103dfa681') in 0.008583 seconds 
========================================================================
Received Import Request.
  Time since last request: 2.377771 seconds.
  path: Assets/Game/Textures/green.jpg
  artifactKey: Guid(ada52986fc69cc047b5dd8ddd91d94bd) Importer(815301076,1909f56bfc062723c751e8b465ee728b)
Start importing Assets/Game/Textures/green.jpg using Guid(ada52986fc69cc047b5dd8ddd91d94bd) Importer(815301076,1909f56bfc062723c751e8b465ee728b)  -> (artifact id: 'c0db7177c5fde9aef7923af18c9f1afd') in 0.358615 seconds 
========================================================================
Received Import Request.
  Time since last request: 7.493729 seconds.
  path: Assets/Game/other balls.prefab
  artifactKey: Guid(89a695bbc4be39e4cbfddc0a3a18f7c0) Importer(815301076,1909f56bfc062723c751e8b465ee728b)
Start importing Assets/Game/other balls.prefab using Guid(89a695bbc4be39e4cbfddc0a3a18f7c0) Importer(815301076,1909f56bfc062723c751e8b465ee728b)  -> (artifact id: '0acf2af9502d9dc9780b2e4c83d8b994') in 0.088899 seconds 
========================================================================
Received Import Request.
  Time since last request: 34.072558 seconds.
  path: Assets/Game/Sprites/bg slize.png
  artifactKey: Guid(56c82ddf95833e644a99abf2c94bbce0) Importer(815301076,1909f56bfc062723c751e8b465ee728b)
Start importing Assets/Game/Sprites/bg slize.png using Guid(56c82ddf95833e644a99abf2c94bbce0) Importer(815301076,1909f56bfc062723c751e8b465ee728b)  -> (artifact id: '63acc5b4b90323652878bf4cf1e1a6bd') in 0.034082 seconds 
========================================================================
Received Import Request.
  Time since last request: 63.173096 seconds.
  path: Assets/Game/Scenes/pool8.unity
  artifactKey: Guid(9fc0d4010bbf28b4594072e72b8655ab) Importer(815301076,1909f56bfc062723c751e8b465ee728b)
Start importing Assets/Game/Scenes/pool8.unity using Guid(9fc0d4010bbf28b4594072e72b8655ab) Importer(815301076,1909f56bfc062723c751e8b465ee728b)  -> (artifact id: 'be95278a9e2a86427f734fd0d20a6731') in 0.005143 seconds 
========================================================================
Received Prepare
Registering precompiled user dll's ...
Registered in 0.001881 seconds.
Begin MonoManager ReloadAssembly
Native extension for WindowsStandalone target not found
Refreshing native plugins compatible for Editor in 0.41 ms, found 5 plugins.
Preloading 0 native plugins for Editor in 0.00 ms.
Mono: successfully reloaded assembly
- Completed reload, in  0.802 seconds
Domain Reload Profiling:
	ReloadAssembly (802ms)
		BeginReloadAssembly (89ms)
			ExecutionOrderSort (0ms)
			DisableScriptedObjects (4ms)
			BackupInstance (0ms)
			ReleaseScriptingObjects (0ms)
			CreateAndSetChildDomain (28ms)
		EndReloadAssembly (662ms)
			LoadAssemblies (71ms)
			RebuildTransferFunctionScriptingTraits (0ms)
			SetupTypeCache (232ms)
			ReleaseScriptCaches (1ms)
			RebuildScriptCaches (41ms)
			SetupLoadedEditorAssemblies (233ms)
				LogAssemblyErrors (0ms)
				InitializePlatformSupportModulesInManaged (3ms)
				SetLoadedEditorAssemblies (0ms)
				RefreshPlugins (0ms)
				BeforeProcessingInitializeOnLoad (69ms)
				ProcessInitializeOnLoadAttributes (146ms)
				ProcessInitializeOnLoadMethodAttributes (11ms)
				AfterProcessingInitializeOnLoad (1ms)
				EditorAssembliesLoaded (0ms)
			ExecutionOrderSort2 (0ms)
			AwakeInstancesAfterBackupRestoration (2ms)
Platform modules already initialized, skipping
Switching build target platform(19) subTarget(0) extendedPlatform(0) -> platform(13) subTarget(537395200) extendedPlatform(0)
Refreshing native plugins compatible for Editor in 0.40 ms, found 5 plugins.
Preloading 0 native plugins for Editor in 0.00 ms.
Unloading 1661 Unused Serialized files (Serialized files now loaded: 0)
System memory in use before: 77.3 MB.
System memory in use after: 77.4 MB.

Unloading 18 unused Assets to reduce memory usage. Loaded Objects now: 2145.
Total: 2.938600 ms (FindLiveObjects: 0.143600 ms CreateObjectMapping: 0.038300 ms MarkObjects: 2.733400 ms  DeleteObjects: 0.022200 ms)

AssetImportParameters requested are different than current active one (requested -> active):
  custom:framework-win-MediaFoundation: 216162199b28c13a410421893ffa2e32 -> 
  custom:video-decoder-ogg-theora: a1e56fd34408186e4bbccfd4996cb3dc -> 
  custom:container-muxer-webm: aa71ff27fc2769a1b78a27578f13a17b -> 
  custom:container-demuxer-webm: 4f35f7cbe854078d1ac9338744f61a02 -> 
  custom:container-demuxer-ogg: 62fdf1f143b41e24485cea50d1cbac27 -> 
  custom:video-encoder-webm-vp8: eb34c28f22e8b96e1ab97ce403110664 -> 
  custom:video-decoder-webm-vp8: 9c59270c3fd7afecdb556c50c9e8de78 -> 
  custom:graphics/normal-map-encoding: 01000000000000000000000000000000 -> 02000000000000000000000000000000
  custom:audio-decoder-ogg-vorbis: bf7c407c2cedff20999df2af8eb42d56 -> 
  custom:audio-encoder-webm-vorbis: bf7c407c2cedff20999df2af8eb42d56 -> 
AssetImportWorkerClient::OnTransportError - code=2 error=End of file
